0 info it worked if it ends with ok
1 verbose cli [ '/Users/dobyeongsu/.nvm/versions/node/v4.2.1/bin/node',
1 verbose cli   '/Users/dobyeongsu/.nvm/versions/node/v4.2.1/bin/npm',
1 verbose cli   'run',
1 verbose cli   'test' ]
2 info using npm@3.5.1
3 info using node@v4.2.1
4 verbose run-script [ 'pretest', 'test', 'posttest' ]
5 info lifecycle apiserver@1.0.0~pretest: apiserver@1.0.0
6 silly lifecycle apiserver@1.0.0~pretest: no script for pretest, continuing
7 info lifecycle apiserver@1.0.0~test: apiserver@1.0.0
8 verbose lifecycle apiserver@1.0.0~test: unsafe-perm in lifecycle true
9 verbose lifecycle apiserver@1.0.0~test: PATH: /Users/dobyeongsu/.nvm/versions/node/v4.2.1/lib/node_modules/npm/bin/node-gyp-bin:/Users/dobyeongsu/Dev/app/goblin-alt/apiServer/node_modules/.bin:/Users/dobyeongsu/.nvm/versions/node/v4.2.1/bin:/usr/local/bin:/usr/bin:/bin:/usr/sbin:/sbin
10 verbose lifecycle apiserver@1.0.0~test: CWD: /Users/dobyeongsu/Dev/app/goblin-alt/apiServer
11 silly lifecycle apiserver@1.0.0~test: Args: [ '-c', 'jest' ]
12 silly lifecycle apiserver@1.0.0~test: Returned: code: 1  signal: null
13 info lifecycle apiserver@1.0.0~test: Failed to exec test script
14 verbose stack Error: apiserver@1.0.0 test: `jest`
14 verbose stack Exit status 1
14 verbose stack     at EventEmitter.<anonymous> (/Users/dobyeongsu/.nvm/versions/node/v4.2.1/lib/node_modules/npm/lib/utils/lifecycle.js:232:16)
14 verbose stack     at emitTwo (events.js:87:13)
14 verbose stack     at EventEmitter.emit (events.js:172:7)
14 verbose stack     at ChildProcess.<anonymous> (/Users/dobyeongsu/.nvm/versions/node/v4.2.1/lib/node_modules/npm/lib/utils/spawn.js:24:14)
14 verbose stack     at emitTwo (events.js:87:13)
14 verbose stack     at ChildProcess.emit (events.js:172:7)
14 verbose stack     at maybeClose (internal/child_process.js:818:16)
14 verbose stack     at Process.ChildProcess._handle.onexit (internal/child_process.js:211:5)
15 verbose pkgid apiserver@1.0.0
16 verbose cwd /Users/dobyeongsu/Dev/app/goblin-alt/apiServer
17 error Darwin 15.0.0
18 error argv "/Users/dobyeongsu/.nvm/versions/node/v4.2.1/bin/node" "/Users/dobyeongsu/.nvm/versions/node/v4.2.1/bin/npm" "run" "test"
19 error node v4.2.1
20 error npm  v3.5.1
21 error code ELIFECYCLE
22 error apiserver@1.0.0 test: `jest`
22 error Exit status 1
23 error Failed at the apiserver@1.0.0 test script 'jest'.
23 error Make sure you have the latest version of node.js and npm installed.
23 error If you do, this is most likely a problem with the apiserver package,
23 error not with npm itself.
23 error Tell the author that this fails on your system:
23 error     jest
23 error You can get information on how to open an issue for this project with:
23 error     npm bugs apiserver
23 error Or if that isn't available, you can get their info via:
23 error     npm owner ls apiserver
23 error There is likely additional logging output above.
24 verbose exit [ 1, true ]
